<?xml version="1.0" encoding="utf-8"?><testsuites name="pytest tests"><testsuite name="pytest" errors="0" failures="0" skipped="0" tests="1" time="18.440" timestamp="2025-06-03T19:51:59.029894+05:30" hostname="Ashutoshs-MacBook-Pro.local"><testcase classname="src.tests.samples.test_wikipedia_sample.TestCaseWikipediaLandingPage" name="test_wiki_search_and_open_topic" time="18.272" /></testsuite></testsuites>